Arguments: 
  C:\Program Files\nodejs\node.exe C:\Users\Apollo\AppData\Roaming\npm\node_modules\yarn\bin\yarn.js install

PATH: 
  C:\Program Files\Microsoft MPI\Bin\;C:\Windows\system32;C:\Windows;C:\Windows\System32\Wbem;C:\Windows\System32\WindowsPowerShell\v1.0\;C:\Windows\System32\OpenSSH\;C:\Program Files\php7;C:\Program Files\dotnet\;C:\Program Files\Microsoft SQL Server\130\Tools\Binn\;C:\ProgramData\ComposerSetup\bin;C:\Program Files (x86)\Microsoft Visual Studio\Shared\Python36_64;C:\Program Files (x86)\Microsoft Visual Studio\Shared\Python36_64\Scripts;C:\Program Files\PuTTY\;C:\Program Files\Git\cmd;C:\Program Files (x86)\Bitvise SSH Client;C:\Program Files\nodejs\;C:\Program Files\Docker\Docker\resources\bin;C:\ProgramData\DockerDesktop\version-bin;C:\Users\Apollo\.cargo\bin;C:\Users\Apollo\AppData\Local\Microsoft\WindowsApps;C:\Users\Apollo\AppData\Local\Programs\Microsoft VS Code\bin;C:\Users\Apollo\.dotnet\tools;C:\Users\Apollo\AppData\Roaming\Composer\vendor\bin;C:\Users\Apollo\AppData\Local\Programs\IPFS Desktop\resources\app.asar.unpacked\src\ipfs-on-path\scripts\bin-win;C:\Users\Apollo\AppData\Roaming\npm;C:\Users\Apollo\AppData\Local\GitHubDesktop\bin;C:\Program Files\heroku\bin

Yarn version: 
  1.22.17

Node version: 
  16.13.0

Platform: 
  win32 x64

Trace: 
  Error: EPERM: operation not permitted, copyfile 'C:\Users\Apollo\AppData\Local\Yarn\Cache\v6\npm-subscriptions-transport-ws-0.9.19-10ca32f7e291d5ee8eb728b9c02e43c52606cdcf-integrity\node_modules\subscriptions-transport-ws\dist\protocol.js' -> 'E:\memecoin_smart_contracts\node_modules\subscriptions-transport-ws\dist\protocol.js'

npm manifest: 
  {
    "name": "presale-erc1155",
    "version": "1.0.0",
    "description": "Contracts for an ERC-1155 based NFT project",
    "main": "index.js",
    "scripts": {
      "build": "truffle compile",
      "test": "echo \"Error: no test specified\" && exit 1"
    },
    "keywords": [],
    "author": "mohsen",
    "license": "ISC",
    "devDependencies": {
      "@0x/subproviders": "^6.6.1",
      "@openzeppelin/test-helpers": "^0.5.15",
      "chai": "^4.3.4",
      "ethereum-waffle": "^3.4.0"
    },
    "dependencies": {
      "@openzeppelin/contracts": "^4.3.3",
      "@openzeppelin/contracts-upgradeable": "^4.4.2",
      "@openzeppelin/truffle-upgrades": "^1.8.0",
      "@truffle/hdwallet-provider": "^1.5.1",
      "@types/bn.js": "^5.1.0",
      "@types/chai": "^4.2.21",
      "@types/mocha": "^8.2.3",
      "colors": "^1.4.0",
      "dotenv": "^10.0.0",
      "eth-gas-reporter": "^0.2.24",
      "ethers": "^5.4.1",
      "minimist": "^1.2.5",
      "multi-token-standard": "^2.2.2",
      "node-fetch": "^2.6.1",
      "truffle": "^5.4.29",
      "truffle-assertions": "^0.9.2",
      "truffle-contract-size": "^2.0.1",
      "truffle-flattener": "^1.5.0",
      "truffle-plugin-verify": "^0.5.20",
      "web3": "^1.7.0"
    }
  }

yarn manifest: 
  No manifest

Lockfile: 
  No lockfile
